<?xml version="1.0" encoding="UTF-8"?>
<!-- Generated by org.testng.reporters.JUnitXMLReporter -->
<testsuite hostname="MINTBLR015XNB6" ignored="0" name="Command line test" tests="1" failures="1" timestamp="21 Mar 2019 21:11:42 GMT" time="199.13" errors="0">
  <testcase name="feature" time="198.109" classname="cucumber.api.testng.AbstractTestNGCucumberTests">
    <failure type="cucumber.runtime.CucumberException" message="junit.framework.AssertionFailedError">
      <![CDATA[cucumber.runtime.CucumberException: junit.framework.AssertionFailedError
at cucumber.api.testng.TestNGCucumberRunner.runCucumber(TestNGCucumberRunner.java:69)
at cucumber.api.testng.AbstractTestNGCucumberTests.feature(AbstractTestNGCucumberTests.java:21)
Caused by: junit.framework.AssertionFailedError
at junit.framework.Assert.fail(Assert.java:55)
at junit.framework.Assert.assertTrue(Assert.java:22)
at junit.framework.Assert.assertTrue(Assert.java:31)
at com.qa.StepDefinitions.homeSteps.user_clicks_on_search_button(homeSteps.java:128)
at âœ½.And User clicks on search button(openWeatherMap.feature:23)
... Removed 34 stack frames]]>
    </failure>
  </testcase> <!-- feature -->
</testsuite> <!-- Command line test -->
